<?xml version="1.0" encoding="utf-8"?><testsuites name="pytest tests"><testsuite name="pytest" errors="0" failures="0" skipped="1" tests="10" time="2.023" timestamp="2026-08-11T15:58:50.173409+00:00" hostname="agent-env-b5c2b62d-67a3-4e17-be03-312fa32b2d3c"><testcase classname="backend.tests.test_v2_smoke" name="test_content_returns_keys" time="0.161" /><testcase classname="backend.tests.test_v2_smoke" name="test_team_returns_members" time="0.171" /><testcase classname="backend.tests.test_v2_smoke" name="test_blog_public" time="0.127" /><testcase classname="backend.tests.test_v2_smoke" name="test_login_success" time="0.372" /><testcase classname="backend.tests.test_v2_smoke" name="test_login_wrong_password" time="0.345" /><testcase classname="backend.tests.test_v2_smoke" name="test_public_lead_creation_v1" time="0.143" /><testcase classname="backend.tests.test_v2_smoke" name="test_staff_leads_list" time="0.257" /><testcase classname="backend.tests.test_v2_smoke" name="test_staff_stats" time="0.126" /><testcase classname="backend.tests.test_v2_smoke" name="test_staff_leads_requires_auth" time="0.134" /><testcase classname="backend.tests.test_v2_smoke" name="test_auth_me" time="0.128"><skipped type="pytest.skip" message="no /auth/me endpoint">/app/backend/tests/test_v2_smoke.py:118: no /auth/me endpoint</skipped></testcase></testsuite></testsuites>